2022-06-07T13:03:15.502Z [[32minfo[39m] : Example app listening on port 5000 {"service":"user-service"}
2022-06-07T13:03:24.190Z [[31merror[39m] : Connection to  db failed {"service":"user-service"}
2022-06-07T13:06:47.047Z [[32minfo[39m] : Example app listening on port 5000 {"service":"user-service"}
2022-06-07T13:07:18.123Z [[32minfo[39m] : Example app listening on port 5000 {"service":"user-service"}
2022-06-07T13:10:42.334Z [[32minfo[39m] : Example app listening on port 5000 {"service":"user-service"}
2022-06-07T13:10:47.954Z [[32minfo[39m] : Example app listening on port 5000 {"service":"user-service"}
2022-06-07T13:10:52.809Z [[32minfo[39m] : Example app listening on port 5000 {"service":"user-service"}
2022-06-07T13:10:57.941Z [[32minfo[39m] : Example app listening on port 5000 {"service":"user-service"}
2022-06-07T13:11:21.461Z [[32minfo[39m] : Example app listening on port 5000 {"service":"user-service"}
2022-06-07T13:11:25.225Z [[32minfo[39m] : Example app listening on port 5000 {"service":"user-service"}
2022-06-07T13:12:14.121Z [[32minfo[39m] : Example app listening on port 5000 {"service":"user-service"}
2022-06-07T13:12:15.468Z [[32minfo[39m] : Example app listening on port 5000 {"service":"user-service"}
2022-06-07T13:12:19.886Z [[32minfo[39m] : Example app listening on port 5000 {"service":"user-service"}
2022-06-07T13:12:28.605Z [[32minfo[39m] : Example app listening on port 5000 {"service":"user-service"}
2022-06-07T13:13:19.631Z [[32minfo[39m] : Example app listening on port 5000 {"service":"user-service"}
2022-06-07T13:13:23.500Z [[32minfo[39m] : Example app listening on port 5000 {"service":"user-service"}
2022-06-07T13:14:08.714Z [[32minfo[39m] : Example app listening on port 5000 {"service":"user-service"}
2022-06-07T13:14:15.189Z [[32minfo[39m] : Example app listening on port 5000 {"service":"user-service"}
2022-06-07T13:14:19.222Z [[32minfo[39m] : Example app listening on port 5000 {"service":"user-service"}
2022-06-07T13:14:24.488Z [[32minfo[39m] : Example app listening on port 5000 {"service":"user-service"}
2022-06-07T13:14:27.573Z [[32minfo[39m] : Example app listening on port 5000 {"service":"user-service"}
2022-06-07T13:14:30.070Z [[32minfo[39m] : Example app listening on port 5000 {"service":"user-service"}
2022-06-07T13:14:31.996Z [[32minfo[39m] : Example app listening on port 5000 {"service":"user-service"}
2022-06-07T13:14:40.606Z [[32minfo[39m] : Example app listening on port 5000 {"service":"user-service"}
2022-06-07T13:14:42.525Z [[32minfo[39m] : Example app listening on port 5000 {"service":"user-service"}
2022-06-07T13:16:15.445Z [[32minfo[39m] : Example app listening on port 5000 {"service":"user-service"}
2022-06-07T13:16:16.660Z [[32minfo[39m] : Example app listening on port 5000 {"service":"user-service"}
2022-06-07T13:16:23.731Z [[32minfo[39m] : Example app listening on port 5000 {"service":"user-service"}
2022-06-07T13:16:28.485Z [[32minfo[39m] : Example app listening on port 5000 {"service":"user-service"}
2022-06-07T18:32:53.265Z [[32minfo[39m] : Example app listening on port 5000 {"service":"user-service"}
2022-06-07T18:32:54.692Z [[32minfo[39m] : Example app listening on port 5000 {"service":"user-service"}
2022-06-07T18:32:56.854Z [[32minfo[39m] : Example app listening on port 5000 {"service":"user-service"}
2022-06-07T18:32:59.416Z [[32minfo[39m] : Example app listening on port 5000 {"service":"user-service"}
2022-06-07T18:33:03.243Z [[32minfo[39m] : Example app listening on port 5000 {"service":"user-service"}
2022-06-07T18:33:19.099Z [[32minfo[39m] : Example app listening on port 5000 {"service":"user-service"}
2022-06-07T18:35:44.649Z [[32minfo[39m] : Example app listening on port 5000 {"service":"user-service"}
2022-06-07T18:36:05.483Z [[32minfo[39m] : Example app listening on port 5000 {"service":"user-service"}
2022-06-07T18:36:51.180Z [[32minfo[39m] : Example app listening on port 5000 {"service":"user-service"}
2022-06-07T18:36:52.529Z [[32minfo[39m] : Example app listening on port 5000 {"service":"user-service"}
2022-06-07T18:37:14.916Z [[32minfo[39m] : Example app listening on port 5000 {"service":"user-service"}
2022-06-07T18:38:34.054Z [[32minfo[39m] : Example app listening on port 5000 {"service":"user-service"}
2022-06-07T18:38:46.429Z [[31merror[39m] : limit is not defined {"service":"user-service"}
2022-06-07T18:38:58.330Z [[32minfo[39m] : Example app listening on port 5000 {"service":"user-service"}
2022-06-07T18:38:59.298Z [[32minfo[39m] : Example app listening on port 5000 {"service":"user-service"}
2022-06-07T18:39:06.005Z [[32minfo[39m] : Example app listening on port 5000 {"service":"user-service"}
2022-06-07T18:39:10.127Z [[32minfo[39m] : Example app listening on port 5000 {"service":"user-service"}
2022-06-07T18:39:35.394Z [[32minfo[39m] : Example app listening on port 5000 {"service":"user-service"}
2022-06-07T18:39:42.305Z [[32minfo[39m] : Example app listening on port 5000 {"service":"user-service"}
2022-06-07T18:39:45.453Z [[32minfo[39m] : Example app listening on port 5000 {"service":"user-service"}
2022-06-07T18:39:50.398Z [[32minfo[39m] : Example app listening on port 5000 {"service":"user-service"}
2022-06-07T18:40:03.790Z [[31merror[39m] : limit is not defined {"service":"user-service"}
2022-06-07T18:40:20.682Z [[32minfo[39m] : Example app listening on port 5000 {"service":"user-service"}
2022-06-07T18:40:26.860Z [[32minfo[39m] : Example app listening on port 5000 {"service":"user-service"}
2022-06-07T18:49:01.876Z [[32minfo[39m] : Example app listening on port 5000 {"service":"user-service"}
2022-06-07T18:50:17.930Z [[32minfo[39m] : Example app listening on port 5000 {"service":"user-service"}
2022-06-07T18:50:34.569Z [[32minfo[39m] : Example app listening on port 5000 {"service":"user-service"}
2022-06-07T18:51:55.449Z [[32minfo[39m] : Example app listening on port 5000 {"service":"user-service"}
2022-06-07T18:52:49.462Z [[32minfo[39m] : Example app listening on port 5000 {"service":"user-service"}
2022-06-07T18:52:57.777Z [[32minfo[39m] : Example app listening on port 5000 {"service":"user-service"}
2022-06-07T18:53:13.016Z [[32minfo[39m] : Example app listening on port 5000 {"service":"user-service"}
2022-06-07T18:53:19.368Z [[31merror[39m] : limit is not defined {"service":"user-service"}
2022-06-07T18:53:46.391Z [[32minfo[39m] : Example app listening on port 5000 {"service":"user-service"}
2022-06-07T18:54:02.584Z [[32minfo[39m] : Example app listening on port 5000 {"service":"user-service"}
2022-06-07T18:54:51.119Z [[32minfo[39m] : Example app listening on port 5000 {"service":"user-service"}
2022-06-07T18:55:55.993Z [[32minfo[39m] : Example app listening on port 5000 {"service":"user-service"}
2022-06-07T18:55:56.967Z [[31merror[39m] : limit is not defined {"service":"user-service"}
2022-06-07T18:56:06.733Z [[32minfo[39m] : Example app listening on port 5000 {"service":"user-service"}
2022-06-07T19:08:30.258Z [[32minfo[39m] : Example app listening on port 5000 {"service":"user-service"}
2022-06-07T19:08:43.142Z [[32minfo[39m] : Example app listening on port 5000 {"service":"user-service"}
2022-06-07T19:08:59.187Z [[32minfo[39m] : Example app listening on port 5000 {"service":"user-service"}
2022-06-07T19:09:36.328Z [[32minfo[39m] : Example app listening on port 5000 {"service":"user-service"}
2022-06-07T19:09:39.737Z [[32minfo[39m] : Example app listening on port 5000 {"service":"user-service"}
2022-06-07T19:09:48.418Z [[32minfo[39m] : Example app listening on port 5000 {"service":"user-service"}
2022-06-07T19:09:50.856Z [[31merror[39m] : limit is not defined {"service":"user-service"}
2022-06-07T19:09:52.050Z [[31merror[39m] : limit is not defined {"service":"user-service"}
2022-06-07T19:10:02.660Z [[32minfo[39m] : Example app listening on port 5000 {"service":"user-service"}
2022-06-07T19:10:04.002Z [[31merror[39m] : limit is not defined {"service":"user-service"}
2022-06-07T19:10:12.937Z [[32minfo[39m] : Example app listening on port 5000 {"service":"user-service"}
2022-06-07T19:10:17.437Z [[32minfo[39m] : Example app listening on port 5000 {"service":"user-service"}
2022-06-07T19:10:19.547Z [[31merror[39m] : limit is not defined {"service":"user-service"}
2022-06-07T19:10:20.567Z [[31merror[39m] : limit is not defined {"service":"user-service"}
2022-06-07T19:10:32.099Z [[32minfo[39m] : Example app listening on port 5000 {"service":"user-service"}
2022-06-07T19:10:35.444Z [[32minfo[39m] : Example app listening on port 5000 {"service":"user-service"}
2022-06-07T19:10:38.857Z [[32minfo[39m] : Example app listening on port 5000 {"service":"user-service"}
2022-06-07T19:11:09.168Z [[32minfo[39m] : Example app listening on port 5000 {"service":"user-service"}
2022-06-07T19:11:12.824Z [[32minfo[39m] : Example app listening on port 5000 {"service":"user-service"}
2022-06-07T19:12:45.564Z [[32minfo[39m] : Example app listening on port 5000 {"service":"user-service"}
2022-06-07T19:13:03.106Z [[32minfo[39m] : Example app listening on port 5000 {"service":"user-service"}
2022-06-07T19:38:19.176Z [[32minfo[39m] : Example app listening on port 5000 {"service":"user-service"}
2022-06-07T20:39:24.190Z [[32minfo[39m] : Example app listening on port 5000 {"service":"user-service"}
2022-06-07T20:40:07.472Z [[32minfo[39m] : Example app listening on port 5000 {"service":"user-service"}
2022-06-07T20:40:22.973Z [[32minfo[39m] : Example app listening on port 5000 {"service":"user-service"}
2022-06-07T20:40:27.900Z [[32minfo[39m] : Example app listening on port 5000 {"service":"user-service"}
2022-06-07T20:40:42.357Z [[32minfo[39m] : Example app listening on port 5000 {"service":"user-service"}
2022-06-07T20:41:07.151Z [[32minfo[39m] : Example app listening on port 5000 {"service":"user-service"}
2022-06-07T20:41:08.817Z [[32minfo[39m] : Example app listening on port 5000 {"service":"user-service"}
2022-06-07T20:41:19.825Z [[32minfo[39m] : Example app listening on port 5000 {"service":"user-service"}
2022-06-07T20:42:06.239Z [[32minfo[39m] : Example app listening on port 5000 {"service":"user-service"}
2022-06-07T20:42:21.791Z [[32minfo[39m] : Example app listening on port 5000 {"service":"user-service"}
2022-06-07T20:42:40.704Z [[32minfo[39m] : Example app listening on port 5000 {"service":"user-service"}
2022-06-07T20:42:44.052Z [[32minfo[39m] : Example app listening on port 5000 {"service":"user-service"}
2022-06-07T20:43:34.347Z [[32minfo[39m] : Example app listening on port 5000 {"service":"user-service"}
2022-06-07T20:43:40.852Z [[32minfo[39m] : Example app listening on port 5000 {"service":"user-service"}
2022-06-07T20:44:02.105Z [[32minfo[39m] : Example app listening on port 5000 {"service":"user-service"}
2022-06-08T11:07:36.066Z [[32minfo[39m] : Example app listening on port 5000 {"service":"user-service"}
2022-06-08T11:12:12.730Z [[32minfo[39m] : Example app listening on port 5000 {"service":"user-service"}
2022-06-08T11:15:04.858Z [[32minfo[39m] : Example app listening on port 5000 {"service":"user-service"}
2022-06-08T11:15:14.500Z [[32minfo[39m] : Example app listening on port 5000 {"service":"user-service"}
2022-06-08T11:15:41.824Z [[32minfo[39m] : Example app listening on port 5000 {"service":"user-service"}
2022-06-08T11:15:45.766Z [[32minfo[39m] : Example app listening on port 5000 {"service":"user-service"}
2022-06-08T11:16:07.388Z [[32minfo[39m] : Example app listening on port 5000 {"service":"user-service"}
2022-06-08T11:16:13.365Z [[32minfo[39m] : Example app listening on port 5000 {"service":"user-service"}
2022-06-08T11:16:17.440Z [[32minfo[39m] : Example app listening on port 5000 {"service":"user-service"}
2022-06-08T11:16:22.101Z [[32minfo[39m] : Example app listening on port 5000 {"service":"user-service"}
2022-06-08T11:16:26.028Z [[32minfo[39m] : Example app listening on port 5000 {"service":"user-service"}
2022-06-08T11:16:33.757Z [[32minfo[39m] : Example app listening on port 5000 {"service":"user-service"}
2022-06-08T11:16:36.181Z [[32minfo[39m] : Example app listening on port 5000 {"service":"user-service"}
2022-06-08T11:16:37.244Z [[32minfo[39m] : Example app listening on port 5000 {"service":"user-service"}
2022-06-08T11:16:42.131Z [[32minfo[39m] : Example app listening on port 5000 {"service":"user-service"}
2022-06-08T11:16:45.265Z [[32minfo[39m] : Example app listening on port 5000 {"service":"user-service"}
2022-06-08T11:16:47.528Z [[32minfo[39m] : Example app listening on port 5000 {"service":"user-service"}
2022-06-08T11:16:49.014Z [[32minfo[39m] : Example app listening on port 5000 {"service":"user-service"}
2022-06-08T11:16:58.454Z [[31merror[39m] : Cannot read property 'length' of undefined {"service":"user-service"}
2022-06-08T11:17:09.499Z [[32minfo[39m] : Example app listening on port 5000 {"service":"user-service"}
2022-06-08T11:17:16.097Z [[31merror[39m] : Cannot read property 'length' of undefined {"service":"user-service"}
2022-06-08T11:17:23.684Z [[32minfo[39m] : Example app listening on port 5000 {"service":"user-service"}
2022-06-08T11:17:43.288Z [[32minfo[39m] : Example app listening on port 5000 {"service":"user-service"}
2022-06-08T11:17:46.714Z [[31merror[39m] : name is not defined {"service":"user-service"}
2022-06-08T11:17:52.429Z [[32minfo[39m] : Example app listening on port 5000 {"service":"user-service"}
2022-06-08T11:18:15.719Z [[32minfo[39m] : Example app listening on port 5000 {"service":"user-service"}
2022-06-08T11:18:22.735Z [[32minfo[39m] : Example app listening on port 5000 {"service":"user-service"}
2022-06-08T11:18:34.615Z [[32minfo[39m] : Example app listening on port 5000 {"service":"user-service"}
2022-06-08T11:18:55.246Z [[32minfo[39m] : Example app listening on port 5000 {"service":"user-service"}
2022-06-08T11:20:30.073Z [[32minfo[39m] : Example app listening on port 5000 {"service":"user-service"}
2022-06-08T11:20:40.530Z [[32minfo[39m] : Example app listening on port 5000 {"service":"user-service"}
2022-06-08T11:20:45.498Z [[32minfo[39m] : Example app listening on port 5000 {"service":"user-service"}
2022-06-08T11:20:59.971Z [[32minfo[39m] : Example app listening on port 5000 {"service":"user-service"}
2022-06-08T11:21:05.764Z [[32minfo[39m] : Example app listening on port 5000 {"service":"user-service"}
2022-06-08T11:21:09.341Z [[32minfo[39m] : Example app listening on port 5000 {"service":"user-service"}
2022-06-08T11:21:10.714Z [[32minfo[39m] : Example app listening on port 5000 {"service":"user-service"}
2022-06-08T11:21:15.756Z [[31merror[39m] : Cannot read property 'length' of undefined {"service":"user-service"}
2022-06-08T11:21:34.247Z [[31merror[39m] : Cannot read property 'length' of undefined {"service":"user-service"}
2022-06-08T11:21:44.110Z [[32minfo[39m] : Example app listening on port 5000 {"service":"user-service"}
2022-06-08T11:22:08.651Z [[32minfo[39m] : Example app listening on port 5000 {"service":"user-service"}
2022-06-08T11:22:14.799Z [[32minfo[39m] : Example app listening on port 5000 {"service":"user-service"}
2022-06-08T11:22:18.943Z [[32minfo[39m] : Example app listening on port 5000 {"service":"user-service"}
2022-06-08T11:22:21.034Z [[32minfo[39m] : Example app listening on port 5000 {"service":"user-service"}
2022-06-08T11:23:16.216Z [[32minfo[39m] : Example app listening on port 5000 {"service":"user-service"}
2022-06-08T11:23:27.902Z [[32minfo[39m] : Example app listening on port 5000 {"service":"user-service"}
2022-06-08T11:23:43.118Z [[32minfo[39m] : Example app listening on port 5000 {"service":"user-service"}
2022-06-08T11:23:44.440Z [[32minfo[39m] : Example app listening on port 5000 {"service":"user-service"}
2022-06-08T11:23:50.862Z [[32minfo[39m] : Example app listening on port 5000 {"service":"user-service"}
2022-06-08T11:23:58.803Z [[32minfo[39m] : Example app listening on port 5000 {"service":"user-service"}
2022-06-08T11:24:05.478Z [[32minfo[39m] : Example app listening on port 5000 {"service":"user-service"}
2022-06-08T11:24:10.185Z [[32minfo[39m] : Example app listening on port 5000 {"service":"user-service"}
2022-06-08T11:24:17.948Z [[32minfo[39m] : Example app listening on port 5000 {"service":"user-service"}
2022-06-08T11:24:18.729Z [[31merror[39m] : name is not defined {"service":"user-service"}
2022-06-08T11:24:26.983Z [[32minfo[39m] : Example app listening on port 5000 {"service":"user-service"}
2022-06-08T11:24:38.569Z [[32minfo[39m] : Example app listening on port 5000 {"service":"user-service"}
2022-06-08T11:24:40.596Z [[32minfo[39m] : Example app listening on port 5000 {"service":"user-service"}
2022-06-08T11:25:16.853Z [[32minfo[39m] : Example app listening on port 5000 {"service":"user-service"}
2022-06-08T11:25:31.849Z [[32minfo[39m] : Example app listening on port 5000 {"service":"user-service"}
2022-06-08T11:25:53.380Z [[32minfo[39m] : Example app listening on port 5000 {"service":"user-service"}
2022-06-08T11:25:54.608Z [[32minfo[39m] : Example app listening on port 5000 {"service":"user-service"}
2022-06-08T11:25:57.324Z [[32minfo[39m] : Example app listening on port 5000 {"service":"user-service"}
2022-06-08T11:26:10.445Z [[32minfo[39m] : Example app listening on port 5000 {"service":"user-service"}
2022-06-08T11:26:22.291Z [[31merror[39m] : Cannot read property 'element' of undefined {"service":"user-service"}
2022-06-08T11:26:31.703Z [[32minfo[39m] : Example app listening on port 5000 {"service":"user-service"}
2022-06-08T11:28:25.960Z [[32minfo[39m] : Example app listening on port 5000 {"service":"user-service"}
2022-06-08T11:28:29.035Z [[32minfo[39m] : Example app listening on port 5000 {"service":"user-service"}
2022-06-08T11:28:33.824Z [[32minfo[39m] : Example app listening on port 5000 {"service":"user-service"}
2022-06-08T11:28:35.683Z [[32minfo[39m] : Example app listening on port 5000 {"service":"user-service"}
2022-06-08T11:32:38.663Z [[32minfo[39m] : Example app listening on port 5000 {"service":"user-service"}
2022-06-08T11:32:53.978Z [[32minfo[39m] : Example app listening on port 5000 {"service":"user-service"}
2022-06-08T11:33:06.933Z [[32minfo[39m] : Example app listening on port 5000 {"service":"user-service"}
2022-06-08T11:33:11.576Z [[32minfo[39m] : Example app listening on port 5000 {"service":"user-service"}
2022-06-08T11:33:27.862Z [[32minfo[39m] : Example app listening on port 5000 {"service":"user-service"}
2022-06-08T11:33:31.583Z [[32minfo[39m] : Example app listening on port 5000 {"service":"user-service"}
2022-06-08T12:26:22.996Z [[32minfo[39m] : Example app listening on port 5000 {"service":"user-service"}
2022-06-08T12:27:51.060Z [[32minfo[39m] : Example app listening on port 5000 {"service":"user-service"}
2022-06-08T12:27:58.076Z [[32minfo[39m] : Example app listening on port 5000 {"service":"user-service"}
2022-06-08T12:30:13.071Z [[32minfo[39m] : Example app listening on port 5000 {"service":"user-service"}
2022-06-08T12:30:21.992Z [[32minfo[39m] : Example app listening on port 5000 {"service":"user-service"}
2022-06-08T12:33:34.346Z [[32minfo[39m] : Example app listening on port 5000 {"service":"user-service"}
2022-06-08T12:33:44.524Z [[32minfo[39m] : Example app listening on port 5000 {"service":"user-service"}
2022-06-08T12:33:47.630Z [[32minfo[39m] : Example app listening on port 5000 {"service":"user-service"}
2022-06-08T12:33:53.112Z [[32minfo[39m] : Example app listening on port 5000 {"service":"user-service"}
2022-06-08T12:34:02.109Z [[32minfo[39m] : Example app listening on port 5000 {"service":"user-service"}
2022-06-08T12:34:07.115Z [[32minfo[39m] : Example app listening on port 5000 {"service":"user-service"}
2022-06-08T12:34:12.053Z [[32minfo[39m] : Example app listening on port 5000 {"service":"user-service"}
2022-06-08T12:34:13.851Z [[32minfo[39m] : Example app listening on port 5000 {"service":"user-service"}
2022-06-08T12:34:25.572Z [[32minfo[39m] : Example app listening on port 5000 {"service":"user-service"}
2022-06-08T12:35:20.648Z [[32minfo[39m] : Example app listening on port 5000 {"service":"user-service"}
2022-06-08T12:35:22.098Z [[31merror[39m] : Cannot read property 'toLocaleLowerCase' of undefined {"service":"user-service"}
2022-06-08T12:35:43.805Z [[32minfo[39m] : Example app listening on port 5000 {"service":"user-service"}
2022-06-08T12:35:57.536Z [[32minfo[39m] : Example app listening on port 5000 {"service":"user-service"}
2022-06-08T12:36:01.062Z [[32minfo[39m] : Example app listening on port 5000 {"service":"user-service"}
2022-06-08T12:36:07.938Z [[32minfo[39m] : Example app listening on port 5000 {"service":"user-service"}
2022-06-08T12:36:42.120Z [[32minfo[39m] : Example app listening on port 5000 {"service":"user-service"}
2022-06-08T12:37:07.584Z [[32minfo[39m] : Example app listening on port 5000 {"service":"user-service"}
2022-06-08T12:37:25.876Z [[32minfo[39m] : Example app listening on port 5000 {"service":"user-service"}
2022-06-08T12:37:28.785Z [[32minfo[39m] : Example app listening on port 5000 {"service":"user-service"}
2022-06-08T12:37:31.404Z [[32minfo[39m] : Example app listening on port 5000 {"service":"user-service"}
2022-06-08T12:37:50.532Z [[32minfo[39m] : Example app listening on port 5000 {"service":"user-service"}
2022-06-08T12:38:07.916Z [[32minfo[39m] : Example app listening on port 5000 {"service":"user-service"}
2022-06-08T12:38:09.702Z [[32minfo[39m] : Example app listening on port 5000 {"service":"user-service"}
2022-06-08T12:39:26.619Z [[32minfo[39m] : Example app listening on port 5000 {"service":"user-service"}
2022-06-08T12:39:31.492Z [[32minfo[39m] : Example app listening on port 5000 {"service":"user-service"}
2022-06-08T12:39:32.370Z [[32minfo[39m] : Example app listening on port 5000 {"service":"user-service"}
2022-06-08T12:39:39.289Z [[32minfo[39m] : Example app listening on port 5000 {"service":"user-service"}
2022-06-08T12:39:40.687Z [[32minfo[39m] : Example app listening on port 5000 {"service":"user-service"}
2022-06-08T12:40:24.480Z [[32minfo[39m] : Example app listening on port 5000 {"service":"user-service"}
2022-06-08T12:45:52.265Z [[32minfo[39m] : Example app listening on port 5000 {"service":"user-service"}
2022-06-08T12:45:54.324Z [[32minfo[39m] : Example app listening on port 5000 {"service":"user-service"}
2022-06-08T12:45:59.817Z [[32minfo[39m] : Example app listening on port 5000 {"service":"user-service"}
2022-06-08T12:46:00.962Z [[32minfo[39m] : Example app listening on port 5000 {"service":"user-service"}
2022-06-08T12:46:35.486Z [[32minfo[39m] : Example app listening on port 5000 {"service":"user-service"}
2022-06-08T12:46:41.618Z [[32minfo[39m] : Example app listening on port 5000 {"service":"user-service"}
2022-06-08T12:46:44.230Z [[32minfo[39m] : Example app listening on port 5000 {"service":"user-service"}
2022-06-08T12:47:02.056Z [[32minfo[39m] : Example app listening on port 5000 {"service":"user-service"}
2022-06-08T12:47:14.142Z [[32minfo[39m] : Example app listening on port 5000 {"service":"user-service"}
2022-06-08T12:47:20.506Z [[32minfo[39m] : Example app listening on port 5000 {"service":"user-service"}
2022-06-08T12:47:23.682Z [[32minfo[39m] : Example app listening on port 5000 {"service":"user-service"}
2022-06-08T12:47:39.460Z [[32minfo[39m] : Example app listening on port 5000 {"service":"user-service"}
2022-06-08T12:47:42.054Z [[32minfo[39m] : Example app listening on port 5000 {"service":"user-service"}
2022-06-08T12:47:52.518Z [[32minfo[39m] : Example app listening on port 5000 {"service":"user-service"}
2022-06-08T12:47:55.051Z [[32minfo[39m] : Example app listening on port 5000 {"service":"user-service"}
2022-06-08T12:47:56.498Z [[32minfo[39m] : Example app listening on port 5000 {"service":"user-service"}
2022-06-08T12:47:58.798Z [[32minfo[39m] : Example app listening on port 5000 {"service":"user-service"}
2022-06-08T12:48:08.769Z [[32minfo[39m] : Example app listening on port 5000 {"service":"user-service"}
2022-06-08T12:49:02.292Z [[32minfo[39m] : Example app listening on port 5000 {"service":"user-service"}
2022-06-08T12:52:57.545Z [[32minfo[39m] : Example app listening on port 5000 {"service":"user-service"}
2022-06-08T12:53:08.278Z [[32minfo[39m] : Example app listening on port 5000 {"service":"user-service"}
2022-06-08T12:54:07.883Z [[32minfo[39m] : Example app listening on port 5000 {"service":"user-service"}
2022-06-08T12:54:15.302Z [[32minfo[39m] : Example app listening on port 5000 {"service":"user-service"}
2022-06-08T12:54:24.061Z [[32minfo[39m] : Example app listening on port 5000 {"service":"user-service"}
2022-06-08T12:54:34.495Z [[32minfo[39m] : Example app listening on port 5000 {"service":"user-service"}
2022-06-08T12:55:00.395Z [[32minfo[39m] : Example app listening on port 5000 {"service":"user-service"}
2022-06-08T12:55:03.032Z [[32minfo[39m] : Example app listening on port 5000 {"service":"user-service"}
2022-06-08T13:21:11.240Z [[32minfo[39m] : Example app listening on port 5000 {"service":"user-service"}
2022-06-08T13:24:53.156Z [[32minfo[39m] : Example app listening on port 5000 {"service":"user-service"}
2022-06-08T13:24:55.836Z [[32minfo[39m] : Example app listening on port 5000 {"service":"user-service"}
2022-06-08T13:24:58.466Z [[32minfo[39m] : Example app listening on port 5000 {"service":"user-service"}
2022-06-08T13:25:00.914Z [[32minfo[39m] : Example app listening on port 5000 {"service":"user-service"}
2022-06-08T13:25:01.899Z [[32minfo[39m] : Example app listening on port 5000 {"service":"user-service"}
2022-06-08T13:25:06.954Z [[32minfo[39m] : Example app listening on port 5000 {"service":"user-service"}
2022-06-08T13:26:04.291Z [[32minfo[39m] : Example app listening on port 5000 {"service":"user-service"}
2022-06-08T13:26:33.941Z [[32minfo[39m] : Example app listening on port 5000 {"service":"user-service"}
2022-06-08T15:36:20.889Z [[32minfo[39m] : Example app listening on port 5000 {"service":"user-service"}
2022-06-08T15:37:17.497Z [[32minfo[39m] : Example app listening on port 5000 {"service":"user-service"}
2022-06-08T15:37:24.948Z [[32minfo[39m] : Example app listening on port 5000 {"service":"user-service"}
2022-06-08T15:37:32.045Z [[32minfo[39m] : Example app listening on port 5000 {"service":"user-service"}
2022-06-08T15:37:33.436Z [[32minfo[39m] : Example app listening on port 5000 {"service":"user-service"}
2022-06-08T15:37:35.585Z [[32minfo[39m] : Example app listening on port 5000 {"service":"user-service"}
2022-06-08T15:37:37.098Z [[32minfo[39m] : Example app listening on port 5000 {"service":"user-service"}
2022-06-08T15:37:37.908Z [[32minfo[39m] : Example app listening on port 5000 {"service":"user-service"}
2022-06-08T15:38:54.736Z [[32minfo[39m] : Example app listening on port 5000 {"service":"user-service"}
2022-06-08T15:38:55.596Z [[32minfo[39m] : Example app listening on port 5000 {"service":"user-service"}
2022-06-08T15:40:59.354Z [[32minfo[39m] : Example app listening on port 5000 {"service":"user-service"}
2022-06-08T15:41:09.875Z [[32minfo[39m] : Example app listening on port 5000 {"service":"user-service"}
2022-06-08T15:41:33.422Z [[32minfo[39m] : Example app listening on port 5000 {"service":"user-service"}
2022-06-08T15:41:36.598Z [[32minfo[39m] : Example app listening on port 5000 {"service":"user-service"}
2022-06-08T15:41:41.456Z [[32minfo[39m] : Example app listening on port 5000 {"service":"user-service"}
2022-06-08T15:41:45.273Z [[32minfo[39m] : Example app listening on port 5000 {"service":"user-service"}
2022-06-08T15:41:47.233Z [[32minfo[39m] : Example app listening on port 5000 {"service":"user-service"}
2022-06-08T15:41:52.794Z [[32minfo[39m] : Example app listening on port 5000 {"service":"user-service"}
2022-06-08T15:41:57.906Z [[32minfo[39m] : Example app listening on port 5000 {"service":"user-service"}
2022-06-08T15:42:08.180Z [[32minfo[39m] : Example app listening on port 5000 {"service":"user-service"}
2022-06-08T15:42:26.773Z [[32minfo[39m] : Example app listening on port 5000 {"service":"user-service"}
2022-06-08T15:42:27.815Z [[32minfo[39m] : Example app listening on port 5000 {"service":"user-service"}
2022-06-08T15:43:29.097Z [[32minfo[39m] : Example app listening on port 5000 {"service":"user-service"}
2022-06-08T15:43:37.438Z [[32minfo[39m] : Example app listening on port 5000 {"service":"user-service"}
2022-06-08T15:43:44.889Z [[32minfo[39m] : Example app listening on port 5000 {"service":"user-service"}
2022-06-08T15:43:52.273Z [[32minfo[39m] : Example app listening on port 5000 {"service":"user-service"}
2022-06-08T15:43:55.037Z [[32minfo[39m] : Example app listening on port 5000 {"service":"user-service"}
2022-06-08T15:51:20.505Z [[32minfo[39m] : Example app listening on port 5000 {"service":"user-service"}
2022-06-08T15:55:02.219Z [[32minfo[39m] : Example app listening on port 5000 {"service":"user-service"}
2022-06-08T15:55:05.192Z [[32minfo[39m] : Example app listening on port 5000 {"service":"user-service"}
2022-06-08T15:55:23.366Z [[32minfo[39m] : Example app listening on port 5000 {"service":"user-service"}
2022-06-08T15:55:27.218Z [[32minfo[39m] : Example app listening on port 5000 {"service":"user-service"}
2022-06-08T15:55:34.257Z [[32minfo[39m] : Example app listening on port 5000 {"service":"user-service"}
2022-06-08T15:55:54.579Z [[32minfo[39m] : Example app listening on port 5000 {"service":"user-service"}
2022-06-08T15:56:24.619Z [[32minfo[39m] : Example app listening on port 5000 {"service":"user-service"}
2022-06-08T15:56:29.592Z [[32minfo[39m] : Example app listening on port 5000 {"service":"user-service"}
2022-06-08T15:56:33.205Z [[32minfo[39m] : Example app listening on port 5000 {"service":"user-service"}
2022-06-08T15:56:34.723Z [[32minfo[39m] : Example app listening on port 5000 {"service":"user-service"}
2022-06-08T15:56:41.521Z [[32minfo[39m] : Example app listening on port 5000 {"service":"user-service"}
2022-06-08T15:57:02.453Z [[32minfo[39m] : Example app listening on port 5000 {"service":"user-service"}
2022-06-08T15:57:03.279Z [[32minfo[39m] : Example app listening on port 5000 {"service":"user-service"}
2022-06-08T16:04:57.508Z [[32minfo[39m] : Example app listening on port 5000 {"service":"user-service"}
2022-06-08T16:07:05.082Z [[32minfo[39m] : Example app listening on port 5000 {"service":"user-service"}
2022-06-08T16:07:07.938Z [[32minfo[39m] : Example app listening on port 5000 {"service":"user-service"}
2022-06-08T16:35:23.988Z [[32minfo[39m] : Example app listening on port 5000 {"service":"user-service"}
2022-06-08T16:35:33.724Z [[32minfo[39m] : Example app listening on port 5000 {"service":"user-service"}
2022-06-08T16:35:39.745Z [[32minfo[39m] : Example app listening on port 5000 {"service":"user-service"}
2022-06-08T16:35:44.734Z [[32minfo[39m] : Example app listening on port 5000 {"service":"user-service"}
2022-06-08T16:35:50.432Z [[32minfo[39m] : Example app listening on port 5000 {"service":"user-service"}
2022-06-08T16:36:09.166Z [[32minfo[39m] : Example app listening on port 5000 {"service":"user-service"}
2022-06-08T16:36:11.859Z [[32minfo[39m] : Example app listening on port 5000 {"service":"user-service"}
2022-06-08T16:36:19.508Z [[32minfo[39m] : Example app listening on port 5000 {"service":"user-service"}
2022-06-08T16:36:44.524Z [[32minfo[39m] : Example app listening on port 5000 {"service":"user-service"}
2022-06-08T16:36:52.728Z [[32minfo[39m] : Example app listening on port 5000 {"service":"user-service"}
2022-06-08T16:37:11.701Z [[32minfo[39m] : Example app listening on port 5000 {"service":"user-service"}
2022-06-08T16:37:21.663Z [[32minfo[39m] : Example app listening on port 5000 {"service":"user-service"}
2022-06-08T16:38:06.101Z [[32minfo[39m] : Example app listening on port 5000 {"service":"user-service"}
2022-06-08T16:39:58.468Z [[32minfo[39m] : Example app listening on port 5000 {"service":"user-service"}
2022-06-08T16:40:00.000Z [[32minfo[39m] : Example app listening on port 5000 {"service":"user-service"}
2022-06-08T16:40:09.464Z [[32minfo[39m] : Example app listening on port 5000 {"service":"user-service"}
2022-06-08T16:40:11.341Z [[32minfo[39m] : Example app listening on port 5000 {"service":"user-service"}
2022-06-08T16:40:43.595Z [[32minfo[39m] : Example app listening on port 5000 {"service":"user-service"}
2022-06-08T16:40:44.811Z [[32minfo[39m] : Example app listening on port 5000 {"service":"user-service"}
2022-06-08T16:40:49.443Z [[32minfo[39m] : Example app listening on port 5000 {"service":"user-service"}
2022-06-08T16:41:09.838Z [[32minfo[39m] : Example app listening on port 5000 {"service":"user-service"}
2022-06-08T16:41:16.842Z [[32minfo[39m] : Example app listening on port 5000 {"service":"user-service"}
2022-06-08T16:41:43.582Z [[32minfo[39m] : Example app listening on port 5000 {"service":"user-service"}
2022-06-08T16:41:49.921Z [[32minfo[39m] : Example app listening on port 5000 {"service":"user-service"}
2022-06-08T16:42:16.919Z [[32minfo[39m] : Example app listening on port 5000 {"service":"user-service"}
2022-06-08T16:42:18.160Z [[32minfo[39m] : Example app listening on port 5000 {"service":"user-service"}
2022-06-08T16:42:23.853Z [[32minfo[39m] : Example app listening on port 5000 {"service":"user-service"}
2022-06-08T16:42:33.474Z [[32minfo[39m] : Example app listening on port 5000 {"service":"user-service"}
2022-06-08T16:42:36.037Z [[32minfo[39m] : Example app listening on port 5000 {"service":"user-service"}
2022-06-08T16:42:46.459Z [[32minfo[39m] : Example app listening on port 5000 {"service":"user-service"}
2022-06-08T16:42:55.655Z [[32minfo[39m] : Example app listening on port 5000 {"service":"user-service"}
2022-06-08T16:43:00.193Z [[32minfo[39m] : Example app listening on port 5000 {"service":"user-service"}
2022-06-08T16:43:04.378Z [[32minfo[39m] : Example app listening on port 5000 {"service":"user-service"}
2022-06-08T16:43:36.758Z [[32minfo[39m] : Example app listening on port 5000 {"service":"user-service"}
2022-06-08T16:43:41.767Z [[32minfo[39m] : Example app listening on port 5000 {"service":"user-service"}
2022-06-08T16:43:45.192Z [[32minfo[39m] : Example app listening on port 5000 {"service":"user-service"}
2022-06-08T16:43:56.544Z [[32minfo[39m] : Example app listening on port 5000 {"service":"user-service"}
2022-06-08T16:43:58.449Z [[32minfo[39m] : Example app listening on port 5000 {"service":"user-service"}
2022-06-08T16:44:09.235Z [[32minfo[39m] : Example app listening on port 5000 {"service":"user-service"}
2022-06-08T16:44:11.893Z [[32minfo[39m] : Example app listening on port 5000 {"service":"user-service"}
2022-06-08T16:44:16.937Z [[32minfo[39m] : Example app listening on port 5000 {"service":"user-service"}
2022-06-08T16:44:23.186Z [[31merror[39m] : Assignment to constant variable. {"service":"user-service"}
2022-06-08T16:44:38.089Z [[32minfo[39m] : Example app listening on port 5000 {"service":"user-service"}
2022-06-08T16:44:41.660Z [[31merror[39m] : Assignment to constant variable. {"service":"user-service"}
2022-06-08T16:44:59.012Z [[32minfo[39m] : Example app listening on port 5000 {"service":"user-service"}
2022-06-08T16:45:00.996Z [[31merror[39m] : Assignment to constant variable. {"service":"user-service"}
2022-06-08T16:45:11.285Z [[32minfo[39m] : Example app listening on port 5000 {"service":"user-service"}
2022-06-08T16:45:23.859Z [[32minfo[39m] : Example app listening on port 5000 {"service":"user-service"}
2022-06-08T16:45:24.905Z [[32minfo[39m] : Example app listening on port 5000 {"service":"user-service"}
2022-06-08T16:45:26.412Z [[32minfo[39m] : Example app listening on port 5000 {"service":"user-service"}
2022-06-08T16:45:28.215Z [[32minfo[39m] : Example app listening on port 5000 {"service":"user-service"}
2022-06-08T16:45:31.207Z [[32minfo[39m] : Example app listening on port 5000 {"service":"user-service"}
2022-06-08T16:45:39.769Z [[32minfo[39m] : Example app listening on port 5000 {"service":"user-service"}
2022-06-08T16:45:43.247Z [[32minfo[39m] : Example app listening on port 5000 {"service":"user-service"}
2022-06-08T16:45:48.863Z [[32minfo[39m] : Example app listening on port 5000 {"service":"user-service"}
2022-06-08T16:46:05.328Z [[32minfo[39m] : Example app listening on port 5000 {"service":"user-service"}
2022-06-08T16:49:30.065Z [[32minfo[39m] : Example app listening on port 5000 {"service":"user-service"}
2022-06-08T16:49:33.445Z [[32minfo[39m] : Example app listening on port 5000 {"service":"user-service"}
2022-06-08T16:49:35.893Z [[32minfo[39m] : Example app listening on port 5000 {"service":"user-service"}
2022-06-08T16:49:39.082Z [[32minfo[39m] : Example app listening on port 5000 {"service":"user-service"}
2022-06-08T16:50:15.668Z [[32minfo[39m] : Example app listening on port 5000 {"service":"user-service"}
2022-06-08T16:50:19.722Z [[32minfo[39m] : Example app listening on port 5000 {"service":"user-service"}
2022-06-08T16:50:22.605Z [[32minfo[39m] : Example app listening on port 5000 {"service":"user-service"}
2022-06-08T16:50:26.244Z [[32minfo[39m] : Example app listening on port 5000 {"service":"user-service"}
2022-06-08T16:50:29.622Z [[32minfo[39m] : Example app listening on port 5000 {"service":"user-service"}
2022-06-08T16:50:31.345Z [[32minfo[39m] : Example app listening on port 5000 {"service":"user-service"}
2022-06-08T16:50:41.431Z [[32minfo[39m] : Example app listening on port 5000 {"service":"user-service"}
2022-06-08T16:50:47.004Z [[32minfo[39m] : Example app listening on port 5000 {"service":"user-service"}
2022-06-08T16:50:55.028Z [[32minfo[39m] : Example app listening on port 5000 {"service":"user-service"}
2022-06-08T16:52:13.344Z [[32minfo[39m] : Example app listening on port 5000 {"service":"user-service"}
2022-06-08T16:52:59.094Z [[32minfo[39m] : Example app listening on port 5000 {"service":"user-service"}
2022-06-08T16:53:05.656Z [[32minfo[39m] : Example app listening on port 5000 {"service":"user-service"}
2022-06-08T16:53:10.673Z [[32minfo[39m] : Example app listening on port 5000 {"service":"user-service"}
2022-06-08T16:53:13.294Z [[32minfo[39m] : Example app listening on port 5000 {"service":"user-service"}
2022-06-08T16:53:15.694Z [[32minfo[39m] : Example app listening on port 5000 {"service":"user-service"}
2022-06-08T16:53:20.034Z [[32minfo[39m] : Example app listening on port 5000 {"service":"user-service"}
2022-06-08T16:53:21.532Z [[32minfo[39m] : Example app listening on port 5000 {"service":"user-service"}
2022-06-08T16:53:25.998Z [[32minfo[39m] : Example app listening on port 5000 {"service":"user-service"}
2022-06-08T16:53:27.184Z [[32minfo[39m] : Example app listening on port 5000 {"service":"user-service"}
2022-06-08T16:53:30.285Z [[32minfo[39m] : Example app listening on port 5000 {"service":"user-service"}
2022-06-08T16:53:31.336Z [[32minfo[39m] : Example app listening on port 5000 {"service":"user-service"}
2022-06-08T16:53:36.498Z [[32minfo[39m] : Example app listening on port 5000 {"service":"user-service"}
2022-06-08T16:53:40.849Z [[32minfo[39m] : Example app listening on port 5000 {"service":"user-service"}
2022-06-08T16:54:22.381Z [[32minfo[39m] : Example app listening on port 5000 {"service":"user-service"}
2022-06-08T16:54:23.594Z [[32minfo[39m] : Example app listening on port 5000 {"service":"user-service"}
2022-06-08T16:54:44.283Z [[32minfo[39m] : Example app listening on port 5000 {"service":"user-service"}
2022-06-08T16:54:52.744Z [[32minfo[39m] : Example app listening on port 5000 {"service":"user-service"}
2022-06-08T16:55:00.898Z [[32minfo[39m] : Example app listening on port 5000 {"service":"user-service"}
2022-06-08T16:55:10.522Z [[32minfo[39m] : Example app listening on port 5000 {"service":"user-service"}
2022-06-08T16:55:15.343Z [[32minfo[39m] : Example app listening on port 5000 {"service":"user-service"}
2022-06-08T16:55:46.627Z [[32minfo[39m] : Example app listening on port 5000 {"service":"user-service"}
2022-06-08T16:56:05.461Z [[32minfo[39m] : Example app listening on port 5000 {"service":"user-service"}
2022-06-08T16:56:07.902Z [[32minfo[39m] : Example app listening on port 5000 {"service":"user-service"}
2022-06-08T16:56:10.978Z [[32minfo[39m] : Example app listening on port 5000 {"service":"user-service"}
2022-06-08T16:56:11.963Z [[32minfo[39m] : Example app listening on port 5000 {"service":"user-service"}
2022-06-08T16:57:27.579Z [[32minfo[39m] : Example app listening on port 5000 {"service":"user-service"}
2022-06-08T16:57:56.824Z [[32minfo[39m] : Example app listening on port 5000 {"service":"user-service"}
2022-06-08T16:57:57.502Z [[32minfo[39m] : Example app listening on port 5000 {"service":"user-service"}
2022-06-08T16:58:01.650Z [[32minfo[39m] : Example app listening on port 5000 {"service":"user-service"}
2022-06-08T16:58:04.532Z [[32minfo[39m] : Example app listening on port 5000 {"service":"user-service"}
2022-06-08T16:58:07.269Z [[32minfo[39m] : Example app listening on port 5000 {"service":"user-service"}
2022-06-08T16:58:13.299Z [[32minfo[39m] : Example app listening on port 5000 {"service":"user-service"}
2022-06-08T16:58:13.859Z [[32minfo[39m] : Example app listening on port 5000 {"service":"user-service"}
2022-06-08T16:58:24.794Z [[32minfo[39m] : Example app listening on port 5000 {"service":"user-service"}
2022-06-08T16:58:42.760Z [[32minfo[39m] : Example app listening on port 5000 {"service":"user-service"}
2022-06-08T16:58:48.830Z [[32minfo[39m] : Example app listening on port 5000 {"service":"user-service"}
2022-06-08T16:59:02.885Z [[32minfo[39m] : Example app listening on port 5000 {"service":"user-service"}
2022-06-08T16:59:23.517Z [[32minfo[39m] : Example app listening on port 5000 {"service":"user-service"}
2022-06-08T16:59:28.371Z [[32minfo[39m] : Example app listening on port 5000 {"service":"user-service"}
2022-06-08T16:59:58.239Z [[32minfo[39m] : Example app listening on port 5000 {"service":"user-service"}
2022-06-08T16:59:59.098Z [[32minfo[39m] : Example app listening on port 5000 {"service":"user-service"}
2022-06-08T17:00:06.223Z [[31merror[39m] : log is not a function {"service":"user-service"}
2022-06-08T17:00:12.560Z [[32minfo[39m] : Example app listening on port 5000 {"service":"user-service"}
2022-06-08T17:00:14.498Z [[32minfo[39m] : Example app listening on port 5000 {"service":"user-service"}
2022-06-08T17:00:52.164Z [[32minfo[39m] : Example app listening on port 5000 {"service":"user-service"}
2022-06-08T17:01:16.406Z [[32minfo[39m] : Example app listening on port 5000 {"service":"user-service"}
2022-06-08T17:01:20.262Z [[32minfo[39m] : Example app listening on port 5000 {"service":"user-service"}
2022-06-08T17:01:46.572Z [[32minfo[39m] : Example app listening on port 5000 {"service":"user-service"}
2022-06-08T17:01:50.529Z [[32minfo[39m] : Example app listening on port 5000 {"service":"user-service"}
2022-06-08T17:02:02.561Z [[32minfo[39m] : Example app listening on port 5000 {"service":"user-service"}
2022-06-08T17:02:05.663Z [[32minfo[39m] : Example app listening on port 5000 {"service":"user-service"}
2022-06-08T17:02:29.298Z [[32minfo[39m] : Example app listening on port 5000 {"service":"user-service"}
2022-06-08T17:02:30.946Z [[32minfo[39m] : Example app listening on port 5000 {"service":"user-service"}
2022-06-08T17:02:58.906Z [[32minfo[39m] : Example app listening on port 5000 {"service":"user-service"}
2022-06-08T17:03:12.122Z [[32minfo[39m] : Example app listening on port 5000 {"service":"user-service"}
2022-06-08T17:03:31.242Z [[32minfo[39m] : Example app listening on port 5000 {"service":"user-service"}
2022-06-08T17:04:03.798Z [[32minfo[39m] : Example app listening on port 5000 {"service":"user-service"}
2022-06-08T17:04:19.207Z [[32minfo[39m] : Example app listening on port 5000 {"service":"user-service"}
2022-06-08T17:04:41.889Z [[32minfo[39m] : Example app listening on port 5000 {"service":"user-service"}
2022-06-08T17:05:18.389Z [[32minfo[39m] : Example app listening on port 5000 {"service":"user-service"}
2022-06-08T17:05:39.708Z [[32minfo[39m] : Example app listening on port 5000 {"service":"user-service"}
2022-06-08T17:05:40.473Z [[32minfo[39m] : Example app listening on port 5000 {"service":"user-service"}
2022-06-08T17:05:58.860Z [[32minfo[39m] : Example app listening on port 5000 {"service":"user-service"}
2022-06-08T17:06:40.956Z [[32minfo[39m] : Example app listening on port 5000 {"service":"user-service"}
2022-06-08T17:07:00.378Z [[32minfo[39m] : Example app listening on port 5000 {"service":"user-service"}
2022-06-08T17:07:02.855Z [[32minfo[39m] : Example app listening on port 5000 {"service":"user-service"}
2022-06-08T17:08:12.795Z [[32minfo[39m] : Example app listening on port 5000 {"service":"user-service"}
2022-06-08T17:08:18.239Z [[32minfo[39m] : Example app listening on port 5000 {"service":"user-service"}
2022-06-08T17:09:26.645Z [[32minfo[39m] : Example app listening on port 5000 {"service":"user-service"}
2022-06-08T17:09:31.017Z [[32minfo[39m] : Example app listening on port 5000 {"service":"user-service"}
2022-06-08T17:10:30.981Z [[32minfo[39m] : Example app listening on port 5000 {"service":"user-service"}
2022-06-08T17:11:18.165Z [[32minfo[39m] : Example app listening on port 5000 {"service":"user-service"}
2022-06-08T17:11:27.892Z [[32minfo[39m] : Example app listening on port 5000 {"service":"user-service"}
2022-06-08T17:11:39.663Z [[32minfo[39m] : Example app listening on port 5000 {"service":"user-service"}
2022-06-08T17:11:48.687Z [[32minfo[39m] : Example app listening on port 5000 {"service":"user-service"}
2022-06-08T17:12:14.780Z [[32minfo[39m] : Example app listening on port 5000 {"service":"user-service"}
2022-06-08T17:14:00.022Z [[32minfo[39m] : Example app listening on port 5000 {"service":"user-service"}
2022-06-08T17:14:03.243Z [[32minfo[39m] : Example app listening on port 5000 {"service":"user-service"}
2022-06-08T17:14:12.005Z [[32minfo[39m] : Example app listening on port 5000 {"service":"user-service"}
2022-06-08T17:14:17.641Z [[32minfo[39m] : Example app listening on port 5000 {"service":"user-service"}
2022-06-08T17:14:25.020Z [[32minfo[39m] : Example app listening on port 5000 {"service":"user-service"}
2022-06-08T17:15:02.061Z [[32minfo[39m] : Example app listening on port 5000 {"service":"user-service"}
2022-06-08T17:15:04.976Z [[32minfo[39m] : Example app listening on port 5000 {"service":"user-service"}
2022-06-08T17:15:10.830Z [[32minfo[39m] : Example app listening on port 5000 {"service":"user-service"}
2022-06-08T17:15:12.584Z [[32minfo[39m] : Example app listening on port 5000 {"service":"user-service"}
2022-06-08T17:15:15.210Z [[32minfo[39m] : Example app listening on port 5000 {"service":"user-service"}
2022-06-08T17:15:52.018Z [[32minfo[39m] : Example app listening on port 5000 {"service":"user-service"}
2022-06-08T17:15:56.519Z [[32minfo[39m] : Example app listening on port 5000 {"service":"user-service"}
2022-06-08T17:16:03.115Z [[32minfo[39m] : Example app listening on port 5000 {"service":"user-service"}
2022-06-08T17:16:03.645Z [[32minfo[39m] : Example app listening on port 5000 {"service":"user-service"}
2022-06-08T17:16:14.490Z [[32minfo[39m] : Example app listening on port 5000 {"service":"user-service"}
2022-06-08T17:16:24.613Z [[32minfo[39m] : Example app listening on port 5000 {"service":"user-service"}
2022-06-08T17:17:55.982Z [[32minfo[39m] : Example app listening on port 5000 {"service":"user-service"}
2022-06-08T17:17:58.451Z [[32minfo[39m] : Example app listening on port 5000 {"service":"user-service"}
2022-06-08T17:18:03.594Z [[32minfo[39m] : Example app listening on port 5000 {"service":"user-service"}
2022-06-08T17:21:33.424Z [[32minfo[39m] : Example app listening on port 5000 {"service":"user-service"}
2022-06-08T17:21:33.540Z [[31merror[39m] : Uncaught Exception thrown{"name":"AssertionError","message":"expected { Object (_events, _eventsCount, ...) } to have status code 400 but got 200","showDiff":true,"actual":200,"expected":400,"stack":"AssertionError: expected { Object (_events, _eventsCount, ...) } to have status code 400 but got 200\n    at /Users/prasanna.kg/Documents/nodejsapps/kd/test/test.js:24:29\n    at Test.Request.callback (/Users/prasanna.kg/Documents/nodejsapps/kd/node_modules/superagent/lib/node/index.js:716:12)\n    at /Users/prasanna.kg/Documents/nodejsapps/kd/node_modules/superagent/lib/node/index.js:916:18\n    at IncomingMessage.<anonymous> (/Users/prasanna.kg/Documents/nodejsapps/kd/node_modules/superagent/lib/node/parsers/json.js:19:7)\n    at IncomingMessage.emit (events.js:327:22)\n    at endReadableNT (internal/streams/readable.js:1327:12)\n    at processTicksAndRejections (internal/process/task_queues.js:80:21)"} {"service":"user-service"}
2022-06-08T17:22:15.485Z [[32minfo[39m] : Example app listening on port 5000 {"service":"user-service"}
2022-06-08T17:22:15.573Z [[31merror[39m] : Uncaught Exception thrown{"name":"AssertionError","message":"expected { Object (_events, _eventsCount, ...) } to have status code 404 but got 200","showDiff":true,"actual":200,"expected":404,"stack":"AssertionError: expected { Object (_events, _eventsCount, ...) } to have status code 404 but got 200\n    at /Users/prasanna.kg/Documents/nodejsapps/kd/test/test.js:24:29\n    at Test.Request.callback (/Users/prasanna.kg/Documents/nodejsapps/kd/node_modules/superagent/lib/node/index.js:716:12)\n    at /Users/prasanna.kg/Documents/nodejsapps/kd/node_modules/superagent/lib/node/index.js:916:18\n    at IncomingMessage.<anonymous> (/Users/prasanna.kg/Documents/nodejsapps/kd/node_modules/superagent/lib/node/parsers/json.js:19:7)\n    at IncomingMessage.emit (events.js:327:22)\n    at endReadableNT (internal/streams/readable.js:1327:12)\n    at processTicksAndRejections (internal/process/task_queues.js:80:21)"} {"service":"user-service"}
2022-06-08T17:22:34.203Z [[32minfo[39m] : Example app listening on port 5000 {"service":"user-service"}
2022-06-08T18:45:32.211Z [[32minfo[39m] : Example app listening on port 5000 {"service":"user-service"}
2022-06-08T18:46:09.090Z [[32minfo[39m] : Example app listening on port 5000 {"service":"user-service"}
2022-06-08T18:46:12.254Z [[32minfo[39m] : Example app listening on port 5000 {"service":"user-service"}
2022-06-08T18:46:43.509Z [[32minfo[39m] : Example app listening on port 5000 {"service":"user-service"}
2022-06-08T18:46:49.835Z [[32minfo[39m] : Example app listening on port 5000 {"service":"user-service"}
2022-06-08T18:46:57.297Z [[32minfo[39m] : Example app listening on port 5000 {"service":"user-service"}
2022-06-08T18:47:22.029Z [[32minfo[39m] : Example app listening on port 5000 {"service":"user-service"}
2022-06-08T18:47:23.746Z [[32minfo[39m] : Example app listening on port 5000 {"service":"user-service"}
2022-06-08T18:47:29.792Z [[32minfo[39m] : Example app listening on port 5000 {"service":"user-service"}
2022-06-08T18:47:34.118Z [[32minfo[39m] : Example app listening on port 5000 {"service":"user-service"}
2022-06-08T18:47:49.731Z [[32minfo[39m] : Example app listening on port 5000 {"service":"user-service"}
2022-06-08T18:47:56.748Z [[32minfo[39m] : Example app listening on port 5000 {"service":"user-service"}
2022-06-08T18:48:00.536Z [[32minfo[39m] : Example app listening on port 5000 {"service":"user-service"}
2022-06-08T18:48:01.465Z [[32minfo[39m] : Example app listening on port 5000 {"service":"user-service"}
2022-06-08T18:48:06.302Z [[32minfo[39m] : Example app listening on port 5000 {"service":"user-service"}
2022-06-08T18:48:22.301Z [[32minfo[39m] : Example app listening on port 5000 {"service":"user-service"}
2022-06-08T18:48:23.687Z [[32minfo[39m] : Example app listening on port 5000 {"service":"user-service"}
2022-06-08T18:48:38.386Z [[32minfo[39m] : Example app listening on port 5000 {"service":"user-service"}
2022-06-08T18:48:45.629Z [[32minfo[39m] : Example app listening on port 5000 {"service":"user-service"}
2022-06-08T18:49:06.230Z [[32minfo[39m] : Example app listening on port 5000 {"service":"user-service"}
2022-06-08T18:49:06.844Z [[32minfo[39m] : Example app listening on port 5000 {"service":"user-service"}
2022-06-09T05:40:19.013Z [[32minfo[39m] : Example app listening on port 5000 {"service":"user-service"}
2022-06-09T05:40:34.475Z [[32minfo[39m] : Example app listening on port 5000 {"service":"user-service"}
2022-06-09T05:40:44.657Z [[32minfo[39m] : Example app listening on port 5000 {"service":"user-service"}
2022-06-09T05:41:03.341Z [[31merror[39m] : Cannot read property 'toLocaleLowerCase' of undefined {"service":"user-service"}
2022-06-09T05:41:25.202Z [[32minfo[39m] : Example app listening on port 5000 {"service":"user-service"}
2022-06-09T05:41:40.353Z [[32minfo[39m] : Example app listening on port 5000 {"service":"user-service"}
2022-06-09T05:41:53.078Z [[32minfo[39m] : Example app listening on port 5000 {"service":"user-service"}
2022-06-09T05:41:55.324Z [[32minfo[39m] : Example app listening on port 5000 {"service":"user-service"}
2022-06-09T05:42:17.335Z [[32minfo[39m] : Example app listening on port 5000 {"service":"user-service"}
2022-06-09T05:49:18.665Z [[32minfo[39m] : Example app listening on port 5000 {"service":"user-service"}
2022-06-09T05:50:56.168Z [[32minfo[39m] : Example app listening on port 5000 {"service":"user-service"}
2022-06-09T05:50:59.029Z [[32minfo[39m] : Example app listening on port 5000 {"service":"user-service"}
2022-06-09T05:51:50.751Z [[32minfo[39m] : Example app listening on port 5000 {"service":"user-service"}
2022-06-09T05:52:02.069Z [[32minfo[39m] : Example app listening on port 5000 {"service":"user-service"}
2022-06-09T05:52:05.770Z [[32minfo[39m] : Example app listening on port 5000 {"service":"user-service"}
2022-06-09T05:52:16.904Z [[32minfo[39m] : Example app listening on port 5000 {"service":"user-service"}
2022-06-09T05:52:20.967Z [[32minfo[39m] : Example app listening on port 5000 {"service":"user-service"}
2022-06-09T05:52:21.804Z [[32minfo[39m] : Example app listening on port 5000 {"service":"user-service"}
2022-06-09T05:52:33.363Z [[32minfo[39m] : Example app listening on port 5000 {"service":"user-service"}
2022-06-09T05:52:44.745Z [[32minfo[39m] : Example app listening on port 5000 {"service":"user-service"}
2022-06-09T05:52:46.104Z [[32minfo[39m] : Example app listening on port 5000 {"service":"user-service"}
2022-06-09T05:53:35.920Z [[32minfo[39m] : Example app listening on port 5000 {"service":"user-service"}
2022-06-09T05:53:36.852Z [[32minfo[39m] : Example app listening on port 5000 {"service":"user-service"}
2022-06-09T05:53:45.300Z [[32minfo[39m] : Example app listening on port 5000 {"service":"user-service"}
2022-06-09T05:53:46.878Z [[32minfo[39m] : Example app listening on port 5000 {"service":"user-service"}
2022-06-09T05:54:06.699Z [[32minfo[39m] : Example app listening on port 5000 {"service":"user-service"}
2022-06-09T05:54:16.405Z [[32minfo[39m] : Example app listening on port 5000 {"service":"user-service"}
2022-06-09T05:54:24.319Z [[32minfo[39m] : Example app listening on port 5000 {"service":"user-service"}
2022-06-09T05:54:35.199Z [[32minfo[39m] : Example app listening on port 5000 {"service":"user-service"}
2022-06-09T05:54:36.111Z [[32minfo[39m] : Example app listening on port 5000 {"service":"user-service"}
2022-06-09T05:54:43.215Z [[32minfo[39m] : Example app listening on port 5000 {"service":"user-service"}
2022-06-09T05:54:50.446Z [[32minfo[39m] : Example app listening on port 5000 {"service":"user-service"}
2022-06-09T05:54:54.405Z [[32minfo[39m] : Example app listening on port 5000 {"service":"user-service"}
2022-06-09T05:56:22.319Z [[32minfo[39m] : Example app listening on port 5000 {"service":"user-service"}
2022-06-09T05:56:34.433Z [[32minfo[39m] : Example app listening on port 5000 {"service":"user-service"}
2022-06-09T05:56:38.052Z [[32minfo[39m] : Example app listening on port 5000 {"service":"user-service"}
2022-06-09T05:56:40.320Z [[32minfo[39m] : Example app listening on port 5000 {"service":"user-service"}
2022-06-09T05:56:43.084Z [[32minfo[39m] : Example app listening on port 5000 {"service":"user-service"}
2022-06-09T05:56:51.349Z [[32minfo[39m] : Example app listening on port 5000 {"service":"user-service"}
2022-06-09T05:56:52.234Z [[32minfo[39m] : Example app listening on port 5000 {"service":"user-service"}
2022-06-09T05:56:56.331Z [[32minfo[39m] : Example app listening on port 5000 {"service":"user-service"}
2022-06-09T05:56:58.395Z [[32minfo[39m] : Example app listening on port 5000 {"service":"user-service"}
2022-06-09T05:57:03.382Z [[32minfo[39m] : Example app listening on port 5000 {"service":"user-service"}
2022-06-09T05:57:04.396Z [[32minfo[39m] : Example app listening on port 5000 {"service":"user-service"}
2022-06-09T05:57:41.797Z [[31merror[39m] : Cannot read property 'length' of null {"service":"user-service"}
2022-06-09T05:57:55.334Z [[32minfo[39m] : Example app listening on port 5000 {"service":"user-service"}
2022-06-09T05:59:38.059Z [[32minfo[39m] : Example app listening on port 5000 {"service":"user-service"}
2022-06-09T05:59:46.365Z [[32minfo[39m] : Example app listening on port 5000 {"service":"user-service"}
2022-06-09T06:00:07.354Z [[32minfo[39m] : Example app listening on port 5000 {"service":"user-service"}
2022-06-09T06:00:10.755Z [[32minfo[39m] : Example app listening on port 5000 {"service":"user-service"}
2022-06-09T06:00:36.021Z [[32minfo[39m] : Example app listening on port 5000 {"service":"user-service"}
2022-06-09T06:00:39.169Z [[32minfo[39m] : Example app listening on port 5000 {"service":"user-service"}
2022-06-09T06:00:40.619Z [[32minfo[39m] : Example app listening on port 5000 {"service":"user-service"}
2022-06-09T06:00:49.180Z [[32minfo[39m] : Example app listening on port 5000 {"service":"user-service"}
2022-06-09T06:00:52.050Z [[32minfo[39m] : Example app listening on port 5000 {"service":"user-service"}
2022-06-09T06:00:53.579Z [[32minfo[39m] : Example app listening on port 5000 {"service":"user-service"}
2022-06-09T06:03:35.411Z [[32minfo[39m] : Example app listening on port 5000 {"service":"user-service"}
2022-06-09T06:03:40.808Z [[32minfo[39m] : Example app listening on port 5000 {"service":"user-service"}
2022-06-09T06:04:11.286Z [[32minfo[39m] : Example app listening on port 5000 {"service":"user-service"}
2022-06-09T06:04:16.399Z [[32minfo[39m] : Example app listening on port 5000 {"service":"user-service"}
2022-06-09T06:04:18.990Z [[32minfo[39m] : Example app listening on port 5000 {"service":"user-service"}
2022-06-09T06:04:20.920Z [[32minfo[39m] : Example app listening on port 5000 {"service":"user-service"}
2022-06-09T06:04:26.765Z [[32minfo[39m] : Example app listening on port 5000 {"service":"user-service"}
2022-06-09T06:04:32.651Z [[32minfo[39m] : Example app listening on port 5000 {"service":"user-service"}
2022-06-09T06:04:43.513Z [[32minfo[39m] : Example app listening on port 5000 {"service":"user-service"}
2022-06-09T06:10:18.162Z [[32minfo[39m] : Example app listening on port 5000 {"service":"user-service"}
2022-06-09T06:10:29.528Z [[32minfo[39m] : Example app listening on port 5000 {"service":"user-service"}
2022-06-09T06:10:34.541Z [[32minfo[39m] : Example app listening on port 5000 {"service":"user-service"}
2022-06-09T06:10:38.614Z [[31merror[39m] : /"/g is not a function {"service":"user-service"}
2022-06-09T06:10:57.814Z [[32minfo[39m] : Example app listening on port 5000 {"service":"user-service"}
2022-06-09T06:11:00.421Z [[32minfo[39m] : Example app listening on port 5000 {"service":"user-service"}
2022-06-09T06:11:01.224Z [[31merror[39m] : Assignment to constant variable. {"service":"user-service"}
2022-06-09T06:11:14.134Z [[32minfo[39m] : Example app listening on port 5000 {"service":"user-service"}
2022-06-09T06:11:15.887Z [[32minfo[39m] : Example app listening on port 5000 {"service":"user-service"}
2022-06-09T06:11:31.533Z [[32minfo[39m] : Example app listening on port 5000 {"service":"user-service"}
2022-06-09T06:12:09.217Z [[32minfo[39m] : Example app listening on port 5000 {"service":"user-service"}
2022-06-09T06:12:12.690Z [[32minfo[39m] : Example app listening on port 5000 {"service":"user-service"}
2022-06-09T06:12:13.973Z [[32minfo[39m] : Example app listening on port 5000 {"service":"user-service"}
2022-06-09T06:12:20.744Z [[32minfo[39m] : Example app listening on port 5000 {"service":"user-service"}
2022-06-09T06:12:21.863Z [[32minfo[39m] : Example app listening on port 5000 {"service":"user-service"}
2022-06-09T06:12:23.279Z [[32minfo[39m] : Example app listening on port 5000 {"service":"user-service"}
2022-06-09T06:12:30.273Z [[32minfo[39m] : Example app listening on port 5000 {"service":"user-service"}
2022-06-09T06:12:44.774Z [[32minfo[39m] : Example app listening on port 5000 {"service":"user-service"}
2022-06-09T06:12:55.936Z [[32minfo[39m] : Example app listening on port 5000 {"service":"user-service"}
2022-06-09T06:12:58.806Z [[32minfo[39m] : Example app listening on port 5000 {"service":"user-service"}
2022-06-09T06:13:05.298Z [[32minfo[39m] : Example app listening on port 5000 {"service":"user-service"}
2022-06-09T06:13:07.875Z [[32minfo[39m] : Example app listening on port 5000 {"service":"user-service"}
2022-06-09T06:13:16.079Z [[32minfo[39m] : Example app listening on port 5000 {"service":"user-service"}
2022-06-09T06:13:19.105Z [[32minfo[39m] : Example app listening on port 5000 {"service":"user-service"}
2022-06-09T06:13:23.623Z [[32minfo[39m] : Example app listening on port 5000 {"service":"user-service"}
2022-06-09T06:13:27.168Z [[32minfo[39m] : Example app listening on port 5000 {"service":"user-service"}
2022-06-09T06:13:30.558Z [[32minfo[39m] : Example app listening on port 5000 {"service":"user-service"}
2022-06-09T06:13:33.714Z [[32minfo[39m] : Example app listening on port 5000 {"service":"user-service"}
2022-06-09T06:13:50.935Z [[32minfo[39m] : Example app listening on port 5000 {"service":"user-service"}
2022-06-09T06:13:56.441Z [[32minfo[39m] : Example app listening on port 5000 {"service":"user-service"}
2022-06-09T06:14:11.260Z [[32minfo[39m] : Example app listening on port 5000 {"service":"user-service"}
2022-06-09T06:14:14.924Z [[32minfo[39m] : Example app listening on port 5000 {"service":"user-service"}
2022-06-09T06:14:20.021Z [[32minfo[39m] : Example app listening on port 5000 {"service":"user-service"}
2022-06-09T06:14:42.615Z [[32minfo[39m] : Example app listening on port 5000 {"service":"user-service"}
2022-06-09T06:14:44.348Z [[32minfo[39m] : Example app listening on port 5000 {"service":"user-service"}
2022-06-09T06:31:59.105Z [[32minfo[39m] : Example app listening on port 5000 {"service":"user-service"}
2022-06-09T06:35:38.160Z [[32minfo[39m] : Example app listening on port 5000 {"service":"user-service"}
2022-06-09T06:35:41.200Z [[32minfo[39m] : Example app listening on port 5000 {"service":"user-service"}
2022-06-09T06:35:43.801Z [[32minfo[39m] : Example app listening on port 5000 {"service":"user-service"}
2022-06-09T06:35:46.142Z [[32minfo[39m] : Example app listening on port 5000 {"service":"user-service"}
2022-06-09T06:35:59.363Z [[32minfo[39m] : Example app listening on port 5000 {"service":"user-service"}
2022-06-09T06:36:02.096Z [[32minfo[39m] : Example app listening on port 5000 {"service":"user-service"}
2022-06-09T06:36:03.444Z [[32minfo[39m] : Example app listening on port 5000 {"service":"user-service"}
2022-06-09T06:36:12.571Z [[31merror[39m] : object1 is not defined {"service":"user-service"}
2022-06-09T06:36:29.653Z [[32minfo[39m] : Example app listening on port 5000 {"service":"user-service"}
2022-06-09T06:36:32.873Z [[32minfo[39m] : Example app listening on port 5000 {"service":"user-service"}
2022-06-09T06:36:53.593Z [[32minfo[39m] : Example app listening on port 5000 {"service":"user-service"}
2022-06-09T06:37:06.349Z [[32minfo[39m] : Example app listening on port 5000 {"service":"user-service"}
2022-06-09T06:37:24.136Z [[32minfo[39m] : Example app listening on port 5000 {"service":"user-service"}
2022-06-09T06:38:52.145Z [[32minfo[39m] : Example app listening on port 5000 {"service":"user-service"}
2022-06-09T06:39:13.038Z [[32minfo[39m] : Example app listening on port 5000 {"service":"user-service"}
2022-06-09T06:39:13.552Z [[32minfo[39m] : Example app listening on port 5000 {"service":"user-service"}
2022-06-09T06:39:43.050Z [[32minfo[39m] : Example app listening on port 5000 {"service":"user-service"}
2022-06-09T06:39:45.769Z [[32minfo[39m] : Example app listening on port 5000 {"service":"user-service"}
2022-06-09T06:39:49.783Z [[32minfo[39m] : Example app listening on port 5000 {"service":"user-service"}
2022-06-09T06:39:51.982Z [[32minfo[39m] : Example app listening on port 5000 {"service":"user-service"}
2022-06-09T06:40:14.482Z [[32minfo[39m] : Example app listening on port 5000 {"service":"user-service"}
2022-06-09T06:40:26.427Z [[32minfo[39m] : Example app listening on port 5000 {"service":"user-service"}
2022-06-09T06:40:27.161Z [[32minfo[39m] : Example app listening on port 5000 {"service":"user-service"}
2022-06-09T06:40:27.629Z [[32minfo[39m] : Example app listening on port 5000 {"service":"user-service"}
2022-06-09T06:41:28.612Z [[32minfo[39m] : Example app listening on port 5000 {"service":"user-service"}
2022-06-09T06:41:31.727Z [[32minfo[39m] : Example app listening on port 5000 {"service":"user-service"}
2022-06-09T06:42:16.746Z [[32minfo[39m] : Example app listening on port 5000 {"service":"user-service"}
2022-06-09T06:42:19.951Z [[32minfo[39m] : Example app listening on port 5000 {"service":"user-service"}
2022-06-09T06:42:22.880Z [[32minfo[39m] : Example app listening on port 5000 {"service":"user-service"}
2022-06-09T06:42:28.351Z [[32minfo[39m] : Example app listening on port 5000 {"service":"user-service"}
2022-06-09T06:42:31.705Z [[32minfo[39m] : Example app listening on port 5000 {"service":"user-service"}
2022-06-09T06:42:55.346Z [[32minfo[39m] : Example app listening on port 5000 {"service":"user-service"}
2022-06-09T06:42:59.148Z [[32minfo[39m] : Example app listening on port 5000 {"service":"user-service"}
2022-06-09T06:43:15.302Z [[32minfo[39m] : Example app listening on port 5000 {"service":"user-service"}
2022-06-09T06:43:21.407Z [[32minfo[39m] : Example app listening on port 5000 {"service":"user-service"}
2022-06-09T06:43:24.311Z [[32minfo[39m] : Example app listening on port 5000 {"service":"user-service"}
2022-06-09T06:43:27.048Z [[32minfo[39m] : Example app listening on port 5000 {"service":"user-service"}
2022-06-09T06:43:29.595Z [[32minfo[39m] : Example app listening on port 5000 {"service":"user-service"}
2022-06-09T06:43:30.848Z [[32minfo[39m] : Example app listening on port 5000 {"service":"user-service"}
2022-06-09T06:43:33.594Z [[32minfo[39m] : Example app listening on port 5000 {"service":"user-service"}
2022-06-09T06:43:35.702Z [[32minfo[39m] : Example app listening on port 5000 {"service":"user-service"}
2022-06-09T06:53:11.113Z [[32minfo[39m] : Example app listening on port 5000 {"service":"user-service"}
2022-06-09T06:53:15.049Z [[32minfo[39m] : Example app listening on port 5000 {"service":"user-service"}
2022-06-09T06:53:24.308Z [[32minfo[39m] : Example app listening on port 5000 {"service":"user-service"}
2022-06-09T06:53:28.290Z [[32minfo[39m] : Example app listening on port 5000 {"service":"user-service"}
2022-06-09T06:53:33.029Z [[32minfo[39m] : Example app listening on port 5000 {"service":"user-service"}
2022-06-09T06:53:38.631Z [[32minfo[39m] : Example app listening on port 5000 {"service":"user-service"}
2022-06-09T06:53:59.801Z [[32minfo[39m] : Example app listening on port 5000 {"service":"user-service"}
2022-06-09T06:54:00.804Z [[32minfo[39m] : Example app listening on port 5000 {"service":"user-service"}
2022-06-09T06:54:01.425Z [[32minfo[39m] : Example app listening on port 5000 {"service":"user-service"}
2022-06-09T06:54:05.827Z [[32minfo[39m] : Example app listening on port 5000 {"service":"user-service"}
2022-06-09T14:22:15.416Z [[32minfo[39m] : Example app listening on port 5000 {"service":"user-service"}
2022-06-09T14:23:37.935Z [[32minfo[39m] : Example app listening on port 5000 {"service":"user-service"}
2022-06-09T14:24:06.026Z [[32minfo[39m] : Example app listening on port 5000 {"service":"user-service"}
2022-06-09T14:24:20.709Z [[32minfo[39m] : Example app listening on port 5000 {"service":"user-service"}
2022-06-09T14:24:56.955Z [[32minfo[39m] : Example app listening on port 5000 {"service":"user-service"}
